
Starting report BI_ANO_ABO [Tue Dec 01 07:05:58 2015] ...
End report BI_ANO_ABO [Tue Dec 01 07:06:17 2015].

Starting report BI_AGT_CPTR [Tue Dec 01 07:10:47 2015] ...
End report BI_AGT_CPTR [Tue Dec 01 07:12:03 2015].

Starting report BI_AGT_CPTR [Tue Dec 01 07:14:33 2015] ...
End report BI_AGT_CPTR [Tue Dec 01 07:15:05 2015].

Starting report BI_ANO_ABO [Tue Dec 01 08:14:50 2015] ...
End report BI_ANO_ABO [Tue Dec 01 08:28:32 2015].

Starting report BI_AGT_CPTR [Tue Dec 01 08:30:24 2015] ...
End report BI_AGT_CPTR [Tue Dec 01 08:37:03 2015].

Starting report BI_EDISEC [Tue Dec 01 08:48:33 2015] ...
End report BI_EDISEC [Tue Dec 01 08:51:39 2015].

Starting report BI_EDIMEM [Tue Dec 01 09:26:58 2015] ...
End report BI_EDIMEM [Tue Dec 01 09:27:06 2015].

Starting report BI_EDIMEM [Tue Dec 01 11:44:52 2015] ...
End report BI_EDIMEM [Tue Dec 01 11:47:51 2015].

Starting report BI_EDIMEM [Tue Dec 01 11:53:29 2015] ...
End report BI_EDIMEM [Tue Dec 01 11:55:29 2015].

Starting report BX_NONREL [Wed Dec 09 10:08:50 2015] ...
End report BX_NONREL [Wed Dec 09 10:11:12 2015].

Starting report BX_NONREL [Wed Dec 09 10:16:08 2015] ...
End report BX_NONREL [Wed Dec 09 10:16:15 2015].

Starting report BX_NONREL [Wed Dec 09 10:16:46 2015] ...
End report BX_NONREL [Wed Dec 09 10:16:51 2015].
